# JRE version: OpenJDK Runtime Environment (8.0_152-b01) (build 1.8.0_152-release-915-b01)
# Java VM: OpenJDK 64-Bit Server VM (25.152-b01 mixed mode windows-amd64 compressed oops)
Heap:
 PSYoungGen      total 333312K, used 189673K [0x00000000e0000000, 0x00000000f7600000, 0x0000000100000000)
  eden space 313856K, 57% used [0x00000000e0000000,0x00000000eaeee550,0x00000000f3280000)
  from space 19456K, 54% used [0x00000000f3280000,0x00000000f3ccc060,0x00000000f4580000)
  to   space 18432K, 0% used [0x00000000f6400000,0x00000000f6400000,0x00000000f7600000)
 ParOldGen       total 155136K, used 70680K [0x00000000a0000000, 0x00000000a9780000, 0x00000000e0000000)
  object space 155136K, 45% used [0x00000000a0000000,0x00000000a45060d8,0x00000000a9780000)
 Metaspace       used 80972K, capacity 85910K, committed 86272K, reserved 1124352K
  class space    used 10285K, capacity 11407K, committed 11520K, reserved 1048576K
GC Heap History (10 events):
Event: 93.090 GC heap before
{Heap before GC invocations=24 (full 3):
 PSYoungGen      total 240128K, used 234813K [0x00000000e0000000, 0x00000000f0300000, 0x0000000100000000)
  eden space 222208K, 99% used [0x00000000e0000000,0x00000000ed800bc8,0x00000000ed900000)
  from space 17920K, 76% used [0x00000000ef180000,0x00000000efeceb90,0x00000000f0300000)
  to   space 21504K, 0% used [0x00000000ed900000,0x00000000ed900000,0x00000000eee00000)
 ParOldGen       total 155136K, used 64318K [0x00000000a0000000, 0x00000000a9780000, 0x00000000e0000000)
  object space 155136K, 41% used [0x00000000a0000000,0x00000000a3ecfbd8,0x00000000a9780000)
 Metaspace       used 76359K, capacity 80066K, committed 80128K, reserved 1118208K
  class space    used 9856K, capacity 10709K, committed 10752K, reserved 1048576K
Event: 93.105 GC heap after
Heap after GC invocations=24 (full 3):
 PSYoungGen      total 243712K, used 9406K [0x00000000e0000000, 0x00000000f3680000, 0x0000000100000000)
  eden space 222208K, 0% used [0x00000000e0000000,0x00000000e0000000,0x00000000ed900000)
  from space 21504K, 43% used [0x00000000ed900000,0x00000000ee22f938,0x00000000eee00000)
  to   space 20480K, 0% used [0x00000000f2280000,0x00000000f2280000,0x00000000f3680000)
 ParOldGen       total 155136K, used 64318K [0x00000000a0000000, 0x00000000a9780000, 0x00000000e0000000)
  object space 155136K, 41% used [0x00000000a0000000,0x00000000a3ecfbd8,0x00000000a9780000)
 Metaspace       used 76359K, capacity 80066K, committed 80128K, reserved 1118208K
  class space    used 9856K, capacity 10709K, committed 10752K, reserved 1048576K
}
Event: 2002.867 GC heap before
{Heap before GC invocations=25 (full 3):
 PSYoungGen      total 243712K, used 231614K [0x00000000e0000000, 0x00000000f3680000, 0x0000000100000000)
  eden space 222208K, 100% used [0x00000000e0000000,0x00000000ed900000,0x00000000ed900000)
  from space 21504K, 43% used [0x00000000ed900000,0x00000000ee22f938,0x00000000eee00000)
  to   space 20480K, 0% used [0x00000000f2280000,0x00000000f2280000,0x00000000f3680000)
 ParOldGen       total 155136K, used 64318K [0x00000000a0000000, 0x00000000a9780000, 0x00000000e0000000)
  object space 155136K, 41% used [0x00000000a0000000,0x00000000a3ecfbd8,0x00000000a9780000)
 Metaspace       used 78693K, capacity 82932K, committed 83072K, reserved 1122304K
  class space    used 10122K, capacity 11088K, committed 11136K, reserved 1048576K
Event: 2003.118 GC heap after
Heap after GC invocations=25 (full 3):
 PSYoungGen      total 283136K, used 9443K [0x00000000e0000000, 0x00000000f2f00000, 0x0000000100000000)
  eden space 270336K, 0% used [0x00000000e0000000,0x00000000e0000000,0x00000000f0800000)
  from space 12800K, 73% used [0x00000000f2280000,0x00000000f2bb8d38,0x00000000f2f00000)
  to   space 19968K, 0% used [0x00000000f0800000,0x00000000f0800000,0x00000000f1b80000)
 ParOldGen       total 155136K, used 69223K [0x00000000a0000000, 0x00000000a9780000, 0x00000000e0000000)
  object space 155136K, 44% used [0x00000000a0000000,0x00000000a4399c90,0x00000000a9780000)
 Metaspace       used 78693K, capacity 82932K, committed 83072K, reserved 1122304K
  class space    used 10122K, capacity 11088K, committed 11136K, reserved 1048576K
}
Event: 2549.487 GC heap before
{Heap before GC invocations=26 (full 3):
 PSYoungGen      total 283136K, used 279779K [0x00000000e0000000, 0x00000000f2f00000, 0x0000000100000000)
  eden space 270336K, 100% used [0x00000000e0000000,0x00000000f0800000,0x00000000f0800000)
  from space 12800K, 73% used [0x00000000f2280000,0x00000000f2bb8d38,0x00000000f2f00000)
  to   space 19968K, 0% used [0x00000000f0800000,0x00000000f0800000,0x00000000f1b80000)
 ParOldGen       total 155136K, used 69223K [0x00000000a0000000, 0x00000000a9780000, 0x00000000e0000000)
  object space 155136K, 44% used [0x00000000a0000000,0x00000000a4399c90,0x00000000a9780000)
 Metaspace       used 79464K, capacity 84034K, committed 84224K, reserved 1122304K
  class space    used 10186K, capacity 11195K, committed 11264K, reserved 1048576K
Event: 2549.677 GC heap after
Heap after GC invocations=26 (full 3):
 PSYoungGen      total 290304K, used 4669K [0x00000000e0000000, 0x00000000f6100000, 0x0000000100000000)
  eden space 270336K, 0% used [0x00000000e0000000,0x00000000e0000000,0x00000000f0800000)
  from space 19968K, 23% used [0x00000000f0800000,0x00000000f0c8f650,0x00000000f1b80000)
  to   space 19968K, 0% used [0x00000000f4d80000,0x00000000f4d80000,0x00000000f6100000)
 ParOldGen       total 155136K, used 70672K [0x00000000a0000000, 0x00000000a9780000, 0x00000000e0000000)
  object space 155136K, 45% used [0x00000000a0000000,0x00000000a45040d8,0x00000000a9780000)
 Metaspace       used 79464K, capacity 84034K, committed 84224K, reserved 1122304K
  class space    used 10186K, capacity 11195K, committed 11264K, reserved 1048576K
}
Event: 2634.970 GC heap before
{Heap before GC invocations=27 (full 3):
 PSYoungGen      total 290304K, used 275005K [0x00000000e0000000, 0x00000000f6100000, 0x0000000100000000)
  eden space 270336K, 100% used [0x00000000e0000000,0x00000000f0800000,0x00000000f0800000)
  from space 19968K, 23% used [0x00000000f0800000,0x00000000f0c8f650,0x00000000f1b80000)
  to   space 19968K, 0% used [0x00000000f4d80000,0x00000000f4d80000,0x00000000f6100000)
 ParOldGen       total 155136K, used 70672K [0x00000000a0000000, 0x00000000a9780000, 0x00000000e0000000)
  object space 155136K, 45% used [0x00000000a0000000,0x00000000a45040d8,0x00000000a9780000)
 Metaspace       used 80449K, capacity 85488K, committed 85760K, reserved 1124352K
  class space    used 10284K, capacity 11406K, committed 11520K, reserved 1048576K
Event: 2635.000 GC heap after
Heap after GC invocations=27 (full 3):
 PSYoungGen      total 325120K, used 10728K [0x00000000e0000000, 0x00000000f5880000, 0x0000000100000000)
  eden space 313856K, 0% used [0x00000000e0000000,0x00000000e0000000,0x00000000f3280000)
  from space 11264K, 95% used [0x00000000f4d80000,0x00000000f57fa350,0x00000000f5880000)
  to   space 19456K, 0% used [0x00000000f3280000,0x00000000f3280000,0x00000000f4580000)
 ParOldGen       total 155136K, used 70680K [0x00000000a0000000, 0x00000000a9780000, 0x00000000e0000000)
  object space 155136K, 45% used [0x00000000a0000000,0x00000000a45060d8,0x00000000a9780000)
 Metaspace       used 80449K, capacity 85488K, committed 85760K, reserved 1124352K
  class space    used 10284K, capacity 11406K, committed 11520K, reserved 1048576K
}
Event: 2641.067 GC heap before
{Heap before GC invocations=28 (full 3):
 PSYoungGen      total 325120K, used 324584K [0x00000000e0000000, 0x00000000f5880000, 0x0000000100000000)
  eden space 313856K, 100% used [0x00000000e0000000,0x00000000f3280000,0x00000000f3280000)
  from space 11264K, 95% used [0x00000000f4d80000,0x00000000f57fa350,0x00000000f5880000)
  to   space 19456K, 0% used [0x00000000f3280000,0x00000000f3280000,0x00000000f4580000)
 ParOldGen       total 155136K, used 70680K [0x00000000a0000000, 0x00000000a9780000, 0x00000000e0000000)
  object space 155136K, 45% used [0x00000000a0000000,0x00000000a45060d8,0x00000000a9780000)
 Metaspace       used 80743K, capacity 85642K, committed 85760K, reserved 1124352K
  class space    used 10285K, capacity 11407K, committed 11520K, reserved 1048576K
Event: 2641.084 GC heap after
Heap after GC invocations=28 (full 3):
 PSYoungGen      total 333312K, used 10544K [0x00000000e0000000, 0x00000000f7600000, 0x0000000100000000)
  eden space 313856K, 0% used [0x00000000e0000000,0x00000000e0000000,0x00000000f3280000)
  from space 19456K, 54% used [0x00000000f3280000,0x00000000f3ccc060,0x00000000f4580000)
  to   space 18432K, 0% used [0x00000000f6400000,0x00000000f6400000,0x00000000f7600000)
 ParOldGen       total 155136K, used 70680K [0x00000000a0000000, 0x00000000a9780000, 0x00000000e0000000)
  object space 155136K, 45% used [0x00000000a0000000,0x00000000a45060d8,0x00000000a9780000)
 Metaspace       used 80743K, capacity 85642K, committed 85760K, reserved 1124352K
  class space    used 10285K, capacity 11407K, committed 11520K, reserved 1048576K
}

